<?xml version="1.0" encoding="UTF-8"?>
<!-- Generated by org.testng.reporters.JUnitXMLReporter -->
<testsuite hostname="Admin-PC" ignored="1" name="Test" tests="5" failures="3" timestamp="2020-03-01T12:45:40 EST" time="113.797" errors="0">
  <testcase name="verifySignUpLinkTest" time="0.226" classname="com.qa.hubspot.test.LoginPageTest"/>
  <testcase name="verifyLoginTest" time="16.124" classname="com.qa.hubspot.test.LoginPageTest"/>
  <testcase name="verifyHomePageHeaderValueTest" time="30.738" classname="com.qa.hubspot.test.HomePageTest">
    <failure type="java.lang.AssertionError" message="home page header mismatched... expected [Sales Dashboard] but found [false]">
      <![CDATA[java.lang.AssertionError: home page header mismatched... expected [Sales Dashboard] but found [false]
at com.qa.hubspot.test.HomePageTest.verifyHomePageHeaderValueTest(HomePageTest.java:43)
at java.util.ArrayList.forEach(Unknown Source)
... Removed 30 stack frames]]>
    </failure>
  </testcase> <!-- verifyHomePageHeaderValueTest -->
  <testcase name="verifyLoggedInUserTest" time="30.7" classname="com.qa.hubspot.test.HomePageTest">
    <failure type="java.lang.AssertionError" message="did not expect to find [digitalpoint] but found [null]">
      <![CDATA[java.lang.AssertionError: did not expect to find [digitalpoint] but found [null]
at com.qa.hubspot.test.HomePageTest.verifyLoggedInUserTest(HomePageTest.java:53)
at java.util.ArrayList.forEach(Unknown Source)
... Removed 33 stack frames]]>
    </failure>
  </testcase> <!-- verifyLoggedInUserTest -->
  <testcase name="verifyHomePageTitleTest" time="0.009" classname="com.qa.hubspot.test.HomePageTest">
    <failure type="java.lang.AssertionError" message="expected [Reports dashboard] but found [HubSpot Login]">
      <![CDATA[java.lang.AssertionError: expected [Reports dashboard] but found [HubSpot Login]
at com.qa.hubspot.test.HomePageTest.verifyHomePageTitleTest(HomePageTest.java:66)
at java.util.ArrayList.forEach(Unknown Source)
... Removed 32 stack frames]]>
    </failure>
  </testcase> <!-- verifyHomePageTitleTest -->
  <testcase name="verifyloginPagetitle" time="0.0" classname="com.qa.hubspot.test.LoginPageTest">
    <ignored/>
  </testcase> <!-- verifyloginPagetitle -->
</testsuite> <!-- Test -->
